<?xml version="1.0" encoding="UTF-8"?>
<testsuite xmlns:xsi="http://www.w3.org/2001/XMLSchema-instance" xsi:noNamespaceSchemaLocation="https://maven.apache.org/surefire/maven-surefire-plugin/xsd/surefire-test-report.xsd" name="org.ntutssl.library.NullIteratorTest" time="0.004" tests="2" errors="0" skipped="0" failures="0">
  <properties>
    <property name="sun.desktop" value="windows"/>
    <property name="awt.toolkit" value="sun.awt.windows.WToolkit"/>
    <property name="file.encoding.pkg" value="sun.io"/>
    <property name="java.specification.version" value="1.8"/>
    <property name="sun.cpu.isalist" value="amd64"/>
    <property name="sun.jnu.encoding" value="GBK"/>
    <property name="java.class.path" value="E:\NTUT\dp2020s\Project\target\test-classes;E:\NTUT\dp2020s\Project\target\classes;C:\Users\dream\.m2\repository\junit\junit\4.11\junit-4.11.jar;C:\Users\dream\.m2\repository\org\hamcrest\hamcrest-core\1.3\hamcrest-core-1.3.jar;"/>
    <property name="java.vm.vendor" value="Oracle Corporation"/>
    <property name="sun.arch.data.model" value="64"/>
    <property name="user.variant" value=""/>
    <property name="java.vendor.url" value="http://java.oracle.com/"/>
    <property name="user.timezone" value="Asia/Shanghai"/>
    <property name="java.vm.specification.version" value="1.8"/>
    <property name="os.name" value="Windows 10"/>
    <property name="user.country" value="HK"/>
    <property name="sun.java.launcher" value="SUN_STANDARD"/>
    <property name="sun.boot.library.path" value="E:\Program Files\Java\jdk1.8.0_241\jre\bin"/>
    <property name="sun.java.command" value="C:\Users\dream\AppData\Local\Temp\surefire5572147448542071198\surefirebooter2369880610301506360.jar C:\Users\dream\AppData\Local\Temp\surefire5572147448542071198 2020-03-28T10-11-04_507-jvmRun1 surefire1148813036812098884tmp surefire_01876831134869664578tmp"/>
    <property name="surefire.test.class.path" value="E:\NTUT\dp2020s\Project\target\test-classes;E:\NTUT\dp2020s\Project\target\classes;C:\Users\dream\.m2\repository\junit\junit\4.11\junit-4.11.jar;C:\Users\dream\.m2\repository\org\hamcrest\hamcrest-core\1.3\hamcrest-core-1.3.jar;"/>
    <property name="sun.cpu.endian" value="little"/>
    <property name="user.home" value="C:\Users\dream"/>
    <property name="user.language" value="en"/>
    <property name="java.specification.vendor" value="Oracle Corporation"/>
    <property name="java.home" value="E:\Program Files\Java\jdk1.8.0_241\jre"/>
    <property name="basedir" value="E:\NTUT\dp2020s\Project"/>
    <property name="file.separator" value="\"/>
    <property name="line.separator" value="&#10;"/>
    <property name="java.vm.specification.vendor" value="Oracle Corporation"/>
    <property name="java.specification.name" value="Java Platform API Specification"/>
    <property name="java.awt.graphicsenv" value="sun.awt.Win32GraphicsEnvironment"/>
    <property name="surefire.real.class.path" value="C:\Users\dream\AppData\Local\Temp\surefire5572147448542071198\surefirebooter2369880610301506360.jar"/>
    <property name="sun.boot.class.path" value="E:\Program Files\Java\jdk1.8.0_241\jre\lib\resources.jar;E:\Program Files\Java\jdk1.8.0_241\jre\lib\rt.jar;E:\Program Files\Java\jdk1.8.0_241\jre\lib\sunrsasign.jar;E:\Program Files\Java\jdk1.8.0_241\jre\lib\jsse.jar;E:\Program Files\Java\jdk1.8.0_241\jre\lib\jce.jar;E:\Program Files\Java\jdk1.8.0_241\jre\lib\charsets.jar;E:\Program Files\Java\jdk1.8.0_241\jre\lib\jfr.jar;E:\Program Files\Java\jdk1.8.0_241\jre\classes"/>
    <property name="user.script" value=""/>
    <property name="sun.management.compiler" value="HotSpot 64-Bit Tiered Compilers"/>
    <property name="java.runtime.version" value="1.8.0_241-b07"/>
    <property name="user.name" value="dream"/>
    <property name="path.separator" value=";"/>
    <property name="os.version" value="10.0"/>
    <property name="java.endorsed.dirs" value="E:\Program Files\Java\jdk1.8.0_241\jre\lib\endorsed"/>
    <property name="java.runtime.name" value="Java(TM) SE Runtime Environment"/>
    <property name="file.encoding" value="GBK"/>
    <property name="java.vm.name" value="Java HotSpot(TM) 64-Bit Server VM"/>
    <property name="localRepository" value="C:\Users\dream\.m2\repository"/>
    <property name="java.vendor.url.bug" value="http://bugreport.sun.com/bugreport/"/>
    <property name="java.io.tmpdir" value="C:\Users\dream\AppData\Local\Temp\"/>
    <property name="java.version" value="1.8.0_241"/>
    <property name="user.dir" value="E:\NTUT\dp2020s\Project"/>
    <property name="os.arch" value="amd64"/>
    <property name="java.vm.specification.name" value="Java Virtual Machine Specification"/>
    <property name="java.awt.printerjob" value="sun.awt.windows.WPrinterJob"/>
    <property name="sun.os.patch.level" value=""/>
    <property name="java.library.path" value="E:\Program Files\Java\jdk1.8.0_241\jre\bin;C:\WINDOWS\Sun\Java\bin;C:\WINDOWS\system32;C:\WINDOWS;C:\Program Files (x86)\Common Files\Oracle\Java\javapath;C:\WINDOWS\system32;C:\WINDOWS;C:\WINDOWS\System32\Wbem;C:\WINDOWS\System32\WindowsPowerShell\v1.0\;C:\WINDOWS\System32\OpenSSH\;C:\Program Files\Microsoft SQL Server\130\Tools\Binn\;C:\Program Files\PowerShell\6\;C:\Program Files\NVIDIA Corporation\NVIDIA NvDLISR;C:\Program Files (x86)\NVIDIA Corporation\PhysX\Common;E:\Program Files\nodejs\;C:\Program Files\PuTTY\;D:\apache-maven-3.6.3-bin\apache-maven-3.6.3\bin;E:\Program Files\Git\cmd;C:\Users\dream\AppData\Local\Programs\Python\Python36\Scripts\;C:\Users\dream\AppData\Local\Programs\Python\Python36\;C:\Program Files\MySQL\MySQL Shell 8.0\bin\;C:\Users\dream\AppData\Local\Microsoft\WindowsApps;C:\Program Files\Bandizip\;E:\Programs\Microsoft VS Code\bin;C:\Users\dream\AppData\Local\nvs\;C:\Users\dream\AppData\Roaming\npm;C:\Users\dream\AppData\Local\GitHubDesktop\bin;."/>
    <property name="java.vm.info" value="mixed mode"/>
    <property name="java.vendor" value="Oracle Corporation"/>
    <property name="java.vm.version" value="25.241-b07"/>
    <property name="java.ext.dirs" value="E:\Program Files\Java\jdk1.8.0_241\jre\lib\ext;C:\WINDOWS\Sun\Java\lib\ext"/>
    <property name="sun.io.unicode.encoding" value="UnicodeLittle"/>
    <property name="java.class.version" value="52.0"/>
  </properties>
  <testcase name="testNullIteratorThrowException" classname="org.ntutssl.library.NullIteratorTest" time="0"/>
  <testcase name="testNullIterator" classname="org.ntutssl.library.NullIteratorTest" time="0"/>
</testsuite>